2023-07-06T04:14:46+00:00 CRITICAL /home/citymody/citymody.com/www/wp-content/themes/civi-child/templates/footer/copyright.php dosyasında 21 numaralı satırda Uncaught Error: Call to undefined method Civi_Templates::footer_menu() in /home/citymody/citymody.com/www/wp-content/themes/civi-child/templates/footer/copyright.php:21
Stack trace:
#0 /home/citymody/citymody.com/www/wp-includes/template.php(785): require()
#1 /home/citymody/citymody.com/www/wp-includes/template.php(718): load_template('/home/citymody/...', false, Array)
#2 /home/citymody/citymody.com/www/wp-includes/general-template.php(204): locate_template(Array, true, false, Array)
#3 /home/citymody/citymody.com/www/wp-content/plugins/civi-framework/templates/page-dashboard.php(66): get_template_part('templates/foote...')
#4 /home/citymody/citymody.com/www/wp-includes/template-loader.php(106): include('/home/citymody/...')
#5 /home/citymody/citymody.com/www/wp-blog-header.php(19): require_once('/home/citymody/...')
#6 /home/citymody/citymody.com/www/index.php(17): require('/home/citymody/...')
#7 {main}
  thrown

2023-07-06T09:03:38+00:00 CRITICAL /home/citymody/citymody.com/www/wp-content/themes/civi-child/templates/footer/copyright.php dosyasında 21 numaralı satırda Uncaught Error: Call to undefined method Civi_Templates::footer_menu() in /home/citymody/citymody.com/www/wp-content/themes/civi-child/templates/footer/copyright.php:21
Stack trace:
#0 /home/citymody/citymody.com/www/wp-includes/template.php(785): require()
#1 /home/citymody/citymody.com/www/wp-includes/template.php(718): load_template('/home/citymody/...', false, Array)
#2 /home/citymody/citymody.com/www/wp-includes/general-template.php(204): locate_template(Array, true, false, Array)
#3 /home/citymody/citymody.com/www/wp-content/plugins/civi-framework/templates/page-dashboard.php(66): get_template_part('templates/foote...')
#4 /home/citymody/citymody.com/www/wp-includes/template-loader.php(106): include('/home/citymody/...')
#5 /home/citymody/citymody.com/www/wp-blog-header.php(19): require_once('/home/citymody/...')
#6 /home/citymody/citymody.com/www/index.php(17): require('/home/citymody/...')
#7 {main}
  thrown

2023-07-06T09:03:43+00:00 CRITICAL /home/citymody/citymody.com/www/wp-content/themes/civi-child/templates/footer/copyright.php dosyasında 21 numaralı satırda Uncaught Error: Call to undefined method Civi_Templates::footer_menu() in /home/citymody/citymody.com/www/wp-content/themes/civi-child/templates/footer/copyright.php:21
Stack trace:
#0 /home/citymody/citymody.com/www/wp-includes/template.php(785): require()
#1 /home/citymody/citymody.com/www/wp-includes/template.php(718): load_template('/home/citymody/...', false, Array)
#2 /home/citymody/citymody.com/www/wp-includes/general-template.php(204): locate_template(Array, true, false, Array)
#3 /home/citymody/citymody.com/www/wp-content/plugins/civi-framework/templates/page-dashboard.php(66): get_template_part('templates/foote...')
#4 /home/citymody/citymody.com/www/wp-includes/template-loader.php(106): include('/home/citymody/...')
#5 /home/citymody/citymody.com/www/wp-blog-header.php(19): require_once('/home/citymody/...')
#6 /home/citymody/citymody.com/www/index.php(17): require('/home/citymody/...')
#7 {main}
  thrown

2023-07-06T09:10:03+00:00 CRITICAL /home/citymody/citymody.com/www/wp-content/themes/civi-child/templates/footer/copyright.php dosyasında 21 numaralı satırda Uncaught Error: Call to undefined method Civi_Templates::footer_menu() in /home/citymody/citymody.com/www/wp-content/themes/civi-child/templates/footer/copyright.php:21
Stack trace:
#0 /home/citymody/citymody.com/www/wp-includes/template.php(785): require()
#1 /home/citymody/citymody.com/www/wp-includes/template.php(718): load_template('/home/citymody/...', false, Array)
#2 /home/citymody/citymody.com/www/wp-includes/general-template.php(204): locate_template(Array, true, false, Array)
#3 /home/citymody/citymody.com/www/wp-content/plugins/civi-framework/templates/page-dashboard.php(66): get_template_part('templates/foote...')
#4 /home/citymody/citymody.com/www/wp-includes/template-loader.php(106): include('/home/citymody/...')
#5 /home/citymody/citymody.com/www/wp-blog-header.php(19): require_once('/home/citymody/...')
#6 /home/citymody/citymody.com/www/index.php(17): require('/home/citymody/...')
#7 {main}
  thrown

2023-07-06T12:05:48+00:00 CRITICAL /home/citymody/citymody.com/www/wp-content/themes/civi-child/templates/footer/copyright.php dosyasında 21 numaralı satırda Uncaught Error: Call to undefined method Civi_Templates::footer_menu() in /home/citymody/citymody.com/www/wp-content/themes/civi-child/templates/footer/copyright.php:21
Stack trace:
#0 /home/citymody/citymody.com/www/wp-includes/template.php(785): require()
#1 /home/citymody/citymody.com/www/wp-includes/template.php(718): load_template('/home/citymody/...', false, Array)
#2 /home/citymody/citymody.com/www/wp-includes/general-template.php(204): locate_template(Array, true, false, Array)
#3 /home/citymody/citymody.com/www/wp-content/plugins/civi-framework/templates/page-dashboard.php(66): get_template_part('templates/foote...')
#4 /home/citymody/citymody.com/www/wp-includes/template-loader.php(106): include('/home/citymody/...')
#5 /home/citymody/citymody.com/www/wp-blog-header.php(19): require_once('/home/citymody/...')
#6 /home/citymody/citymody.com/www/index.php(17): require('/home/citymody/...')
#7 {main}
  thrown

2023-07-06T12:06:02+00:00 CRITICAL /home/citymody/citymody.com/www/wp-content/themes/civi-child/templates/footer/copyright.php dosyasında 21 numaralı satırda Uncaught Error: Call to undefined method Civi_Templates::footer_menu() in /home/citymody/citymody.com/www/wp-content/themes/civi-child/templates/footer/copyright.php:21
Stack trace:
#0 /home/citymody/citymody.com/www/wp-includes/template.php(785): require()
#1 /home/citymody/citymody.com/www/wp-includes/template.php(718): load_template('/home/citymody/...', false, Array)
#2 /home/citymody/citymody.com/www/wp-includes/general-template.php(204): locate_template(Array, true, false, Array)
#3 /home/citymody/citymody.com/www/wp-content/plugins/civi-framework/templates/page-dashboard.php(66): get_template_part('templates/foote...')
#4 /home/citymody/citymody.com/www/wp-includes/template-loader.php(106): include('/home/citymody/...')
#5 /home/citymody/citymody.com/www/wp-blog-header.php(19): require_once('/home/citymody/...')
#6 /home/citymody/citymody.com/www/index.php(17): require('/home/citymody/...')
#7 {main}
  thrown

2023-07-06T12:07:09+00:00 CRITICAL /home/citymody/citymody.com/www/wp-content/themes/civi-child/templates/footer/copyright.php dosyasında 21 numaralı satırda Uncaught Error: Call to undefined method Civi_Templates::footer_menu() in /home/citymody/citymody.com/www/wp-content/themes/civi-child/templates/footer/copyright.php:21
Stack trace:
#0 /home/citymody/citymody.com/www/wp-includes/template.php(785): require()
#1 /home/citymody/citymody.com/www/wp-includes/template.php(718): load_template('/home/citymody/...', false, Array)
#2 /home/citymody/citymody.com/www/wp-includes/general-template.php(204): locate_template(Array, true, false, Array)
#3 /home/citymody/citymody.com/www/wp-content/plugins/civi-framework/templates/page-dashboard.php(66): get_template_part('templates/foote...')
#4 /home/citymody/citymody.com/www/wp-includes/template-loader.php(106): include('/home/citymody/...')
#5 /home/citymody/citymody.com/www/wp-blog-header.php(19): require_once('/home/citymody/...')
#6 /home/citymody/citymody.com/www/index.php(17): require('/home/citymody/...')
#7 {main}
  thrown

2023-07-06T12:07:31+00:00 CRITICAL /home/citymody/citymody.com/www/wp-content/themes/civi-child/templates/footer/copyright.php dosyasında 21 numaralı satırda Uncaught Error: Call to undefined method Civi_Templates::footer_menu() in /home/citymody/citymody.com/www/wp-content/themes/civi-child/templates/footer/copyright.php:21
Stack trace:
#0 /home/citymody/citymody.com/www/wp-includes/template.php(785): require()
#1 /home/citymody/citymody.com/www/wp-includes/template.php(718): load_template('/home/citymody/...', false, Array)
#2 /home/citymody/citymody.com/www/wp-includes/general-template.php(204): locate_template(Array, true, false, Array)
#3 /home/citymody/citymody.com/www/wp-content/plugins/civi-framework/templates/page-dashboard.php(66): get_template_part('templates/foote...')
#4 /home/citymody/citymody.com/www/wp-includes/template-loader.php(106): include('/home/citymody/...')
#5 /home/citymody/citymody.com/www/wp-blog-header.php(19): require_once('/home/citymody/...')
#6 /home/citymody/citymody.com/www/index.php(17): require('/home/citymody/...')
#7 {main}
  thrown

2023-07-06T12:07:40+00:00 CRITICAL /home/citymody/citymody.com/www/wp-content/themes/civi-child/templates/footer/copyright.php dosyasında 21 numaralı satırda Uncaught Error: Call to undefined method Civi_Templates::footer_menu() in /home/citymody/citymody.com/www/wp-content/themes/civi-child/templates/footer/copyright.php:21
Stack trace:
#0 /home/citymody/citymody.com/www/wp-includes/template.php(785): require()
#1 /home/citymody/citymody.com/www/wp-includes/template.php(718): load_template('/home/citymody/...', false, Array)
#2 /home/citymody/citymody.com/www/wp-includes/general-template.php(204): locate_template(Array, true, false, Array)
#3 /home/citymody/citymody.com/www/wp-content/plugins/civi-framework/templates/page-dashboard.php(66): get_template_part('templates/foote...')
#4 /home/citymody/citymody.com/www/wp-includes/template-loader.php(106): include('/home/citymody/...')
#5 /home/citymody/citymody.com/www/wp-blog-header.php(19): require_once('/home/citymody/...')
#6 /home/citymody/citymody.com/www/index.php(17): require('/home/citymody/...')
#7 {main}
  thrown

2023-07-06T12:08:06+00:00 CRITICAL /home/citymody/citymody.com/www/wp-content/themes/civi-child/templates/footer/copyright.php dosyasında 21 numaralı satırda Uncaught Error: Call to undefined method Civi_Templates::footer_menu() in /home/citymody/citymody.com/www/wp-content/themes/civi-child/templates/footer/copyright.php:21
Stack trace:
#0 /home/citymody/citymody.com/www/wp-includes/template.php(785): require()
#1 /home/citymody/citymody.com/www/wp-includes/template.php(718): load_template('/home/citymody/...', false, Array)
#2 /home/citymody/citymody.com/www/wp-includes/general-template.php(204): locate_template(Array, true, false, Array)
#3 /home/citymody/citymody.com/www/wp-content/plugins/civi-framework/templates/page-dashboard.php(66): get_template_part('templates/foote...')
#4 /home/citymody/citymody.com/www/wp-includes/template-loader.php(106): include('/home/citymody/...')
#5 /home/citymody/citymody.com/www/wp-blog-header.php(19): require_once('/home/citymody/...')
#6 /home/citymody/citymody.com/www/index.php(17): require('/home/citymody/...')
#7 {main}
  thrown

2023-07-06T12:08:49+00:00 CRITICAL /home/citymody/citymody.com/www/wp-content/themes/civi-child/templates/footer/copyright.php dosyasında 21 numaralı satırda Uncaught Error: Call to undefined method Civi_Templates::footer_menu() in /home/citymody/citymody.com/www/wp-content/themes/civi-child/templates/footer/copyright.php:21
Stack trace:
#0 /home/citymody/citymody.com/www/wp-includes/template.php(785): require()
#1 /home/citymody/citymody.com/www/wp-includes/template.php(718): load_template('/home/citymody/...', false, Array)
#2 /home/citymody/citymody.com/www/wp-includes/general-template.php(204): locate_template(Array, true, false, Array)
#3 /home/citymody/citymody.com/www/wp-content/plugins/civi-framework/templates/page-dashboard.php(66): get_template_part('templates/foote...')
#4 /home/citymody/citymody.com/www/wp-includes/template-loader.php(106): include('/home/citymody/...')
#5 /home/citymody/citymody.com/www/wp-blog-header.php(19): require_once('/home/citymody/...')
#6 /home/citymody/citymody.com/www/index.php(17): require('/home/citymody/...')
#7 {main}
  thrown

2023-07-06T12:13:06+00:00 CRITICAL /home/citymody/citymody.com/www/wp-content/themes/civi-child/templates/footer/copyright.php dosyasında 21 numaralı satırda Uncaught Error: Call to undefined method Civi_Templates::footer_menu() in /home/citymody/citymody.com/www/wp-content/themes/civi-child/templates/footer/copyright.php:21
Stack trace:
#0 /home/citymody/citymody.com/www/wp-includes/template.php(785): require()
#1 /home/citymody/citymody.com/www/wp-includes/template.php(718): load_template('/home/citymody/...', false, Array)
#2 /home/citymody/citymody.com/www/wp-includes/general-template.php(204): locate_template(Array, true, false, Array)
#3 /home/citymody/citymody.com/www/wp-content/plugins/civi-framework/templates/page-dashboard.php(66): get_template_part('templates/foote...')
#4 /home/citymody/citymody.com/www/wp-includes/template-loader.php(106): include('/home/citymody/...')
#5 /home/citymody/citymody.com/www/wp-blog-header.php(19): require_once('/home/citymody/...')
#6 /home/citymody/citymody.com/www/index.php(17): require('/home/citymody/...')
#7 {main}
  thrown

2023-07-06T12:13:31+00:00 CRITICAL /home/citymody/citymody.com/www/wp-content/themes/civi-child/templates/footer/copyright.php dosyasında 21 numaralı satırda Uncaught Error: Call to undefined method Civi_Templates::footer_menu() in /home/citymody/citymody.com/www/wp-content/themes/civi-child/templates/footer/copyright.php:21
Stack trace:
#0 /home/citymody/citymody.com/www/wp-includes/template.php(785): require()
#1 /home/citymody/citymody.com/www/wp-includes/template.php(718): load_template('/home/citymody/...', false, Array)
#2 /home/citymody/citymody.com/www/wp-includes/general-template.php(204): locate_template(Array, true, false, Array)
#3 /home/citymody/citymody.com/www/wp-content/plugins/civi-framework/templates/page-dashboard.php(66): get_template_part('templates/foote...')
#4 /home/citymody/citymody.com/www/wp-includes/template-loader.php(106): include('/home/citymody/...')
#5 /home/citymody/citymody.com/www/wp-blog-header.php(19): require_once('/home/citymody/...')
#6 /home/citymody/citymody.com/www/index.php(17): require('/home/citymody/...')
#7 {main}
  thrown

2023-07-06T12:14:21+00:00 CRITICAL /home/citymody/citymody.com/www/wp-content/themes/civi-child/templates/footer/copyright.php dosyasında 21 numaralı satırda Uncaught Error: Call to undefined method Civi_Templates::footer_menu() in /home/citymody/citymody.com/www/wp-content/themes/civi-child/templates/footer/copyright.php:21
Stack trace:
#0 /home/citymody/citymody.com/www/wp-includes/template.php(785): require()
#1 /home/citymody/citymody.com/www/wp-includes/template.php(718): load_template('/home/citymody/...', false, Array)
#2 /home/citymody/citymody.com/www/wp-includes/general-template.php(204): locate_template(Array, true, false, Array)
#3 /home/citymody/citymody.com/www/wp-content/plugins/civi-framework/templates/page-dashboard.php(66): get_template_part('templates/foote...')
#4 /home/citymody/citymody.com/www/wp-includes/template-loader.php(106): include('/home/citymody/...')
#5 /home/citymody/citymody.com/www/wp-blog-header.php(19): require_once('/home/citymody/...')
#6 /home/citymody/citymody.com/www/index.php(17): require('/home/citymody/...')
#7 {main}
  thrown

2023-07-06T12:14:39+00:00 CRITICAL /home/citymody/citymody.com/www/wp-content/themes/civi-child/templates/footer/copyright.php dosyasında 21 numaralı satırda Uncaught Error: Call to undefined method Civi_Templates::footer_menu() in /home/citymody/citymody.com/www/wp-content/themes/civi-child/templates/footer/copyright.php:21
Stack trace:
#0 /home/citymody/citymody.com/www/wp-includes/template.php(785): require()
#1 /home/citymody/citymody.com/www/wp-includes/template.php(718): load_template('/home/citymody/...', false, Array)
#2 /home/citymody/citymody.com/www/wp-includes/general-template.php(204): locate_template(Array, true, false, Array)
#3 /home/citymody/citymody.com/www/wp-content/plugins/civi-framework/templates/page-dashboard.php(66): get_template_part('templates/foote...')
#4 /home/citymody/citymody.com/www/wp-includes/template-loader.php(106): include('/home/citymody/...')
#5 /home/citymody/citymody.com/www/wp-blog-header.php(19): require_once('/home/citymody/...')
#6 /home/citymody/citymody.com/www/index.php(17): require('/home/citymody/...')
#7 {main}
  thrown

2023-07-06T12:15:42+00:00 CRITICAL /home/citymody/citymody.com/www/wp-content/themes/civi-child/templates/footer/copyright.php dosyasında 21 numaralı satırda Uncaught Error: Call to undefined method Civi_Templates::footer_menu() in /home/citymody/citymody.com/www/wp-content/themes/civi-child/templates/footer/copyright.php:21
Stack trace:
#0 /home/citymody/citymody.com/www/wp-includes/template.php(785): require()
#1 /home/citymody/citymody.com/www/wp-includes/template.php(718): load_template('/home/citymody/...', false, Array)
#2 /home/citymody/citymody.com/www/wp-includes/general-template.php(204): locate_template(Array, true, false, Array)
#3 /home/citymody/citymody.com/www/wp-content/plugins/civi-framework/templates/page-dashboard.php(66): get_template_part('templates/foote...')
#4 /home/citymody/citymody.com/www/wp-includes/template-loader.php(106): include('/home/citymody/...')
#5 /home/citymody/citymody.com/www/wp-blog-header.php(19): require_once('/home/citymody/...')
#6 /home/citymody/citymody.com/www/index.php(17): require('/home/citymody/...')
#7 {main}
  thrown

2023-07-06T12:18:01+00:00 CRITICAL /home/citymody/citymody.com/www/wp-content/themes/civi-child/templates/footer/copyright.php dosyasında 21 numaralı satırda Uncaught Error: Call to undefined method Civi_Templates::footer_menu() in /home/citymody/citymody.com/www/wp-content/themes/civi-child/templates/footer/copyright.php:21
Stack trace:
#0 /home/citymody/citymody.com/www/wp-includes/template.php(785): require()
#1 /home/citymody/citymody.com/www/wp-includes/template.php(718): load_template('/home/citymody/...', false, Array)
#2 /home/citymody/citymody.com/www/wp-includes/general-template.php(204): locate_template(Array, true, false, Array)
#3 /home/citymody/citymody.com/www/wp-content/plugins/civi-framework/templates/page-dashboard.php(66): get_template_part('templates/foote...')
#4 /home/citymody/citymody.com/www/wp-includes/template-loader.php(106): include('/home/citymody/...')
#5 /home/citymody/citymody.com/www/wp-blog-header.php(19): require_once('/home/citymody/...')
#6 /home/citymody/citymody.com/www/index.php(17): require('/home/citymody/...')
#7 {main}
  thrown

2023-07-06T12:18:10+00:00 CRITICAL /home/citymody/citymody.com/www/wp-content/themes/civi-child/templates/footer/copyright.php dosyasında 21 numaralı satırda Uncaught Error: Call to undefined method Civi_Templates::footer_menu() in /home/citymody/citymody.com/www/wp-content/themes/civi-child/templates/footer/copyright.php:21
Stack trace:
#0 /home/citymody/citymody.com/www/wp-includes/template.php(785): require()
#1 /home/citymody/citymody.com/www/wp-includes/template.php(718): load_template('/home/citymody/...', false, Array)
#2 /home/citymody/citymody.com/www/wp-includes/general-template.php(204): locate_template(Array, true, false, Array)
#3 /home/citymody/citymody.com/www/wp-content/plugins/civi-framework/templates/page-dashboard.php(66): get_template_part('templates/foote...')
#4 /home/citymody/citymody.com/www/wp-includes/template-loader.php(106): include('/home/citymody/...')
#5 /home/citymody/citymody.com/www/wp-blog-header.php(19): require_once('/home/citymody/...')
#6 /home/citymody/citymody.com/www/index.php(17): require('/home/citymody/...')
#7 {main}
  thrown

2023-07-06T12:18:42+00:00 CRITICAL /home/citymody/citymody.com/www/wp-content/themes/civi-child/templates/footer/copyright.php dosyasında 21 numaralı satırda Uncaught Error: Call to undefined method Civi_Templates::footer_menu() in /home/citymody/citymody.com/www/wp-content/themes/civi-child/templates/footer/copyright.php:21
Stack trace:
#0 /home/citymody/citymody.com/www/wp-includes/template.php(785): require()
#1 /home/citymody/citymody.com/www/wp-includes/template.php(718): load_template('/home/citymody/...', false, Array)
#2 /home/citymody/citymody.com/www/wp-includes/general-template.php(204): locate_template(Array, true, false, Array)
#3 /home/citymody/citymody.com/www/wp-content/plugins/civi-framework/templates/page-dashboard.php(66): get_template_part('templates/foote...')
#4 /home/citymody/citymody.com/www/wp-includes/template-loader.php(106): include('/home/citymody/...')
#5 /home/citymody/citymody.com/www/wp-blog-header.php(19): require_once('/home/citymody/...')
#6 /home/citymody/citymody.com/www/index.php(17): require('/home/citymody/...')
#7 {main}
  thrown

2023-07-06T12:20:01+00:00 CRITICAL /home/citymody/citymody.com/www/wp-content/themes/civi-child/templates/footer/copyright.php dosyasında 21 numaralı satırda Uncaught Error: Call to undefined method Civi_Templates::footer_menu() in /home/citymody/citymody.com/www/wp-content/themes/civi-child/templates/footer/copyright.php:21
Stack trace:
#0 /home/citymody/citymody.com/www/wp-includes/template.php(785): require()
#1 /home/citymody/citymody.com/www/wp-includes/template.php(718): load_template('/home/citymody/...', false, Array)
#2 /home/citymody/citymody.com/www/wp-includes/general-template.php(204): locate_template(Array, true, false, Array)
#3 /home/citymody/citymody.com/www/wp-content/plugins/civi-framework/templates/page-dashboard.php(66): get_template_part('templates/foote...')
#4 /home/citymody/citymody.com/www/wp-includes/template-loader.php(106): include('/home/citymody/...')
#5 /home/citymody/citymody.com/www/wp-blog-header.php(19): require_once('/home/citymody/...')
#6 /home/citymody/citymody.com/www/index.php(17): require('/home/citymody/...')
#7 {main}
  thrown

2023-07-06T12:22:24+00:00 CRITICAL /home/citymody/citymody.com/www/wp-content/themes/civi-child/templates/footer/copyright.php dosyasında 21 numaralı satırda Uncaught Error: Call to undefined method Civi_Templates::footer_menu() in /home/citymody/citymody.com/www/wp-content/themes/civi-child/templates/footer/copyright.php:21
Stack trace:
#0 /home/citymody/citymody.com/www/wp-includes/template.php(785): require()
#1 /home/citymody/citymody.com/www/wp-includes/template.php(718): load_template('/home/citymody/...', false, Array)
#2 /home/citymody/citymody.com/www/wp-includes/general-template.php(204): locate_template(Array, true, false, Array)
#3 /home/citymody/citymody.com/www/wp-content/plugins/civi-framework/templates/page-dashboard.php(66): get_template_part('templates/foote...')
#4 /home/citymody/citymody.com/www/wp-includes/template-loader.php(106): include('/home/citymody/...')
#5 /home/citymody/citymody.com/www/wp-blog-header.php(19): require_once('/home/citymody/...')
#6 /home/citymody/citymody.com/www/index.php(17): require('/home/citymody/...')
#7 {main}
  thrown

2023-07-06T12:23:00+00:00 CRITICAL /home/citymody/citymody.com/www/wp-content/themes/civi-child/templates/footer/copyright.php dosyasında 21 numaralı satırda Uncaught Error: Call to undefined method Civi_Templates::footer_menu() in /home/citymody/citymody.com/www/wp-content/themes/civi-child/templates/footer/copyright.php:21
Stack trace:
#0 /home/citymody/citymody.com/www/wp-includes/template.php(785): require()
#1 /home/citymody/citymody.com/www/wp-includes/template.php(718): load_template('/home/citymody/...', false, Array)
#2 /home/citymody/citymody.com/www/wp-includes/general-template.php(204): locate_template(Array, true, false, Array)
#3 /home/citymody/citymody.com/www/wp-content/plugins/civi-framework/templates/page-dashboard.php(66): get_template_part('templates/foote...')
#4 /home/citymody/citymody.com/www/wp-includes/template-loader.php(106): include('/home/citymody/...')
#5 /home/citymody/citymody.com/www/wp-blog-header.php(19): require_once('/home/citymody/...')
#6 /home/citymody/citymody.com/www/index.php(17): require('/home/citymody/...')
#7 {main}
  thrown

2023-07-06T12:26:54+00:00 CRITICAL /home/citymody/citymody.com/www/wp-content/themes/civi-child/templates/footer/copyright.php dosyasında 21 numaralı satırda Uncaught Error: Call to undefined method Civi_Templates::footer_menu() in /home/citymody/citymody.com/www/wp-content/themes/civi-child/templates/footer/copyright.php:21
Stack trace:
#0 /home/citymody/citymody.com/www/wp-includes/template.php(785): require()
#1 /home/citymody/citymody.com/www/wp-includes/template.php(718): load_template('/home/citymody/...', false, Array)
#2 /home/citymody/citymody.com/www/wp-includes/general-template.php(204): locate_template(Array, true, false, Array)
#3 /home/citymody/citymody.com/www/wp-content/plugins/civi-framework/templates/page-dashboard.php(66): get_template_part('templates/foote...')
#4 /home/citymody/citymody.com/www/wp-includes/template-loader.php(106): include('/home/citymody/...')
#5 /home/citymody/citymody.com/www/wp-blog-header.php(19): require_once('/home/citymody/...')
#6 /home/citymody/citymody.com/www/index.php(17): require('/home/citymody/...')
#7 {main}
  thrown

2023-07-06T12:28:15+00:00 CRITICAL /home/citymody/citymody.com/www/wp-content/themes/civi-child/templates/footer/copyright.php dosyasında 21 numaralı satırda Uncaught Error: Call to undefined method Civi_Templates::footer_menu() in /home/citymody/citymody.com/www/wp-content/themes/civi-child/templates/footer/copyright.php:21
Stack trace:
#0 /home/citymody/citymody.com/www/wp-includes/template.php(785): require()
#1 /home/citymody/citymody.com/www/wp-includes/template.php(718): load_template('/home/citymody/...', false, Array)
#2 /home/citymody/citymody.com/www/wp-includes/general-template.php(204): locate_template(Array, true, false, Array)
#3 /home/citymody/citymody.com/www/wp-content/plugins/civi-framework/templates/page-dashboard.php(66): get_template_part('templates/foote...')
#4 /home/citymody/citymody.com/www/wp-includes/template-loader.php(106): include('/home/citymody/...')
#5 /home/citymody/citymody.com/www/wp-blog-header.php(19): require_once('/home/citymody/...')
#6 /home/citymody/citymody.com/www/index.php(17): require('/home/citymody/...')
#7 {main}
  thrown

2023-07-06T12:29:41+00:00 CRITICAL /home/citymody/citymody.com/www/wp-content/themes/civi-child/templates/footer/copyright.php dosyasında 21 numaralı satırda Uncaught Error: Call to undefined method Civi_Templates::footer_menu() in /home/citymody/citymody.com/www/wp-content/themes/civi-child/templates/footer/copyright.php:21
Stack trace:
#0 /home/citymody/citymody.com/www/wp-includes/template.php(785): require()
#1 /home/citymody/citymody.com/www/wp-includes/template.php(718): load_template('/home/citymody/...', false, Array)
#2 /home/citymody/citymody.com/www/wp-includes/general-template.php(204): locate_template(Array, true, false, Array)
#3 /home/citymody/citymody.com/www/wp-content/plugins/civi-framework/templates/page-dashboard.php(66): get_template_part('templates/foote...')
#4 /home/citymody/citymody.com/www/wp-includes/template-loader.php(106): include('/home/citymody/...')
#5 /home/citymody/citymody.com/www/wp-blog-header.php(19): require_once('/home/citymody/...')
#6 /home/citymody/citymody.com/www/index.php(17): require('/home/citymody/...')
#7 {main}
  thrown

2023-07-06T12:40:57+00:00 CRITICAL /home/citymody/citymody.com/www/wp-content/themes/civi-child/templates/footer/copyright.php dosyasında 21 numaralı satırda Uncaught Error: Call to undefined method Civi_Templates::footer_menu() in /home/citymody/citymody.com/www/wp-content/themes/civi-child/templates/footer/copyright.php:21
Stack trace:
#0 /home/citymody/citymody.com/www/wp-includes/template.php(785): require()
#1 /home/citymody/citymody.com/www/wp-includes/template.php(718): load_template('/home/citymody/...', false, Array)
#2 /home/citymody/citymody.com/www/wp-includes/general-template.php(204): locate_template(Array, true, false, Array)
#3 /home/citymody/citymody.com/www/wp-content/plugins/civi-framework/templates/page-dashboard.php(66): get_template_part('templates/foote...')
#4 /home/citymody/citymody.com/www/wp-includes/template-loader.php(106): include('/home/citymody/...')
#5 /home/citymody/citymody.com/www/wp-blog-header.php(19): require_once('/home/citymody/...')
#6 /home/citymody/citymody.com/www/index.php(17): require('/home/citymody/...')
#7 {main}
  thrown

2023-07-06T12:41:10+00:00 CRITICAL /home/citymody/citymody.com/www/wp-content/themes/civi-child/templates/footer/copyright.php dosyasında 21 numaralı satırda Uncaught Error: Call to undefined method Civi_Templates::footer_menu() in /home/citymody/citymody.com/www/wp-content/themes/civi-child/templates/footer/copyright.php:21
Stack trace:
#0 /home/citymody/citymody.com/www/wp-includes/template.php(785): require()
#1 /home/citymody/citymody.com/www/wp-includes/template.php(718): load_template('/home/citymody/...', false, Array)
#2 /home/citymody/citymody.com/www/wp-includes/general-template.php(204): locate_template(Array, true, false, Array)
#3 /home/citymody/citymody.com/www/wp-content/plugins/civi-framework/templates/page-dashboard.php(66): get_template_part('templates/foote...')
#4 /home/citymody/citymody.com/www/wp-includes/template-loader.php(106): include('/home/citymody/...')
#5 /home/citymody/citymody.com/www/wp-blog-header.php(19): require_once('/home/citymody/...')
#6 /home/citymody/citymody.com/www/index.php(17): require('/home/citymody/...')
#7 {main}
  thrown

2023-07-06T12:42:00+00:00 CRITICAL /home/citymody/citymody.com/www/wp-content/themes/civi-child/templates/footer/copyright.php dosyasında 21 numaralı satırda Uncaught Error: Call to undefined method Civi_Templates::footer_menu() in /home/citymody/citymody.com/www/wp-content/themes/civi-child/templates/footer/copyright.php:21
Stack trace:
#0 /home/citymody/citymody.com/www/wp-includes/template.php(785): require()
#1 /home/citymody/citymody.com/www/wp-includes/template.php(718): load_template('/home/citymody/...', false, Array)
#2 /home/citymody/citymody.com/www/wp-includes/general-template.php(204): locate_template(Array, true, false, Array)
#3 /home/citymody/citymody.com/www/wp-content/plugins/civi-framework/templates/page-dashboard.php(66): get_template_part('templates/foote...')
#4 /home/citymody/citymody.com/www/wp-includes/template-loader.php(106): include('/home/citymody/...')
#5 /home/citymody/citymody.com/www/wp-blog-header.php(19): require_once('/home/citymody/...')
#6 /home/citymody/citymody.com/www/index.php(17): require('/home/citymody/...')
#7 {main}
  thrown

2023-07-06T12:42:04+00:00 CRITICAL /home/citymody/citymody.com/www/wp-content/themes/civi-child/templates/footer/copyright.php dosyasında 21 numaralı satırda Uncaught Error: Call to undefined method Civi_Templates::footer_menu() in /home/citymody/citymody.com/www/wp-content/themes/civi-child/templates/footer/copyright.php:21
Stack trace:
#0 /home/citymody/citymody.com/www/wp-includes/template.php(785): require()
#1 /home/citymody/citymody.com/www/wp-includes/template.php(718): load_template('/home/citymody/...', false, Array)
#2 /home/citymody/citymody.com/www/wp-includes/general-template.php(204): locate_template(Array, true, false, Array)
#3 /home/citymody/citymody.com/www/wp-content/plugins/civi-framework/templates/page-dashboard.php(66): get_template_part('templates/foote...')
#4 /home/citymody/citymody.com/www/wp-includes/template-loader.php(106): include('/home/citymody/...')
#5 /home/citymody/citymody.com/www/wp-blog-header.php(19): require_once('/home/citymody/...')
#6 /home/citymody/citymody.com/www/index.php(17): require('/home/citymody/...')
#7 {main}
  thrown

2023-07-06T12:43:09+00:00 CRITICAL /home/citymody/citymody.com/www/wp-content/themes/civi-child/templates/footer/copyright.php dosyasında 21 numaralı satırda Uncaught Error: Call to undefined method Civi_Templates::footer_menu() in /home/citymody/citymody.com/www/wp-content/themes/civi-child/templates/footer/copyright.php:21
Stack trace:
#0 /home/citymody/citymody.com/www/wp-includes/template.php(785): require()
#1 /home/citymody/citymody.com/www/wp-includes/template.php(718): load_template('/home/citymody/...', false, Array)
#2 /home/citymody/citymody.com/www/wp-includes/general-template.php(204): locate_template(Array, true, false, Array)
#3 /home/citymody/citymody.com/www/wp-content/plugins/civi-framework/templates/page-dashboard.php(66): get_template_part('templates/foote...')
#4 /home/citymody/citymody.com/www/wp-includes/template-loader.php(106): include('/home/citymody/...')
#5 /home/citymody/citymody.com/www/wp-blog-header.php(19): require_once('/home/citymody/...')
#6 /home/citymody/citymody.com/www/index.php(17): require('/home/citymody/...')
#7 {main}
  thrown

2023-07-06T12:43:38+00:00 CRITICAL /home/citymody/citymody.com/www/wp-content/themes/civi-child/templates/footer/copyright.php dosyasında 21 numaralı satırda Uncaught Error: Call to undefined method Civi_Templates::footer_menu() in /home/citymody/citymody.com/www/wp-content/themes/civi-child/templates/footer/copyright.php:21
Stack trace:
#0 /home/citymody/citymody.com/www/wp-includes/template.php(785): require()
#1 /home/citymody/citymody.com/www/wp-includes/template.php(718): load_template('/home/citymody/...', false, Array)
#2 /home/citymody/citymody.com/www/wp-includes/general-template.php(204): locate_template(Array, true, false, Array)
#3 /home/citymody/citymody.com/www/wp-content/plugins/civi-framework/templates/page-dashboard.php(66): get_template_part('templates/foote...')
#4 /home/citymody/citymody.com/www/wp-includes/template-loader.php(106): include('/home/citymody/...')
#5 /home/citymody/citymody.com/www/wp-blog-header.php(19): require_once('/home/citymody/...')
#6 /home/citymody/citymody.com/www/index.php(17): require('/home/citymody/...')
#7 {main}
  thrown

2023-07-06T12:43:39+00:00 CRITICAL /home/citymody/citymody.com/www/wp-content/themes/civi-child/templates/footer/copyright.php dosyasında 21 numaralı satırda Uncaught Error: Call to undefined method Civi_Templates::footer_menu() in /home/citymody/citymody.com/www/wp-content/themes/civi-child/templates/footer/copyright.php:21
Stack trace:
#0 /home/citymody/citymody.com/www/wp-includes/template.php(785): require()
#1 /home/citymody/citymody.com/www/wp-includes/template.php(718): load_template('/home/citymody/...', false, Array)
#2 /home/citymody/citymody.com/www/wp-includes/general-template.php(204): locate_template(Array, true, false, Array)
#3 /home/citymody/citymody.com/www/wp-content/plugins/civi-framework/templates/page-dashboard.php(66): get_template_part('templates/foote...')
#4 /home/citymody/citymody.com/www/wp-includes/template-loader.php(106): include('/home/citymody/...')
#5 /home/citymody/citymody.com/www/wp-blog-header.php(19): require_once('/home/citymody/...')
#6 /home/citymody/citymody.com/www/index.php(17): require('/home/citymody/...')
#7 {main}
  thrown

2023-07-06T12:43:39+00:00 CRITICAL /home/citymody/citymody.com/www/wp-content/themes/civi-child/templates/footer/copyright.php dosyasında 21 numaralı satırda Uncaught Error: Call to undefined method Civi_Templates::footer_menu() in /home/citymody/citymody.com/www/wp-content/themes/civi-child/templates/footer/copyright.php:21
Stack trace:
#0 /home/citymody/citymody.com/www/wp-includes/template.php(785): require()
#1 /home/citymody/citymody.com/www/wp-includes/template.php(718): load_template('/home/citymody/...', false, Array)
#2 /home/citymody/citymody.com/www/wp-includes/general-template.php(204): locate_template(Array, true, false, Array)
#3 /home/citymody/citymody.com/www/wp-content/plugins/civi-framework/templates/page-dashboard.php(66): get_template_part('templates/foote...')
#4 /home/citymody/citymody.com/www/wp-includes/template-loader.php(106): include('/home/citymody/...')
#5 /home/citymody/citymody.com/www/wp-blog-header.php(19): require_once('/home/citymody/...')
#6 /home/citymody/citymody.com/www/index.php(17): require('/home/citymody/...')
#7 {main}
  thrown

2023-07-06T12:43:40+00:00 CRITICAL /home/citymody/citymody.com/www/wp-content/themes/civi-child/templates/footer/copyright.php dosyasında 21 numaralı satırda Uncaught Error: Call to undefined method Civi_Templates::footer_menu() in /home/citymody/citymody.com/www/wp-content/themes/civi-child/templates/footer/copyright.php:21
Stack trace:
#0 /home/citymody/citymody.com/www/wp-includes/template.php(785): require()
#1 /home/citymody/citymody.com/www/wp-includes/template.php(718): load_template('/home/citymody/...', false, Array)
#2 /home/citymody/citymody.com/www/wp-includes/general-template.php(204): locate_template(Array, true, false, Array)
#3 /home/citymody/citymody.com/www/wp-content/plugins/civi-framework/templates/page-dashboard.php(66): get_template_part('templates/foote...')
#4 /home/citymody/citymody.com/www/wp-includes/template-loader.php(106): include('/home/citymody/...')
#5 /home/citymody/citymody.com/www/wp-blog-header.php(19): require_once('/home/citymody/...')
#6 /home/citymody/citymody.com/www/index.php(17): require('/home/citymody/...')
#7 {main}
  thrown

2023-07-06T12:49:44+00:00 CRITICAL /home/citymody/citymody.com/www/wp-content/plugins/civi-framework/civi-framework.php dosyasında 156 numaralı satırda Uncaught Error: Failed opening required '/home/citymody/citymody.com/www/wp-content/plugins/civi-framework/includes/base/base.php' (include_path='.:/usr/local/pear/php82') in /home/citymody/citymody.com/www/wp-content/plugins/civi-framework/civi-framework.php:156
Stack trace:
#0 /home/citymody/citymody.com/www/wp-includes/class-wp-hook.php(308): Civi_Framework->includes('')
#1 /home/citymody/citymody.com/www/wp-includes/class-wp-hook.php(332): WP_Hook->apply_filters(NULL, Array)
#2 /home/citymody/citymody.com/www/wp-includes/plugin.php(517): WP_Hook->do_action(Array)
#3 /home/citymody/citymody.com/www/wp-settings.php(486): do_action('plugins_loaded')
#4 /home/citymody/citymody.com/www/wp-config.php(96): require_once('/home/citymody/...')
#5 /home/citymody/citymody.com/www/wp-load.php(50): require_once('/home/citymody/...')
#6 /home/citymody/citymody.com/www/wp-admin/admin-ajax.php(22): require_once('/home/citymody/...')
#7 {main}
  thrown

2023-07-06T12:51:45+00:00 CRITICAL /home/citymody/citymody.com/www/wp-content/plugins/civi-framework/civi-framework.php dosyasında 156 numaralı satırda Uncaught Error: Failed opening required '/home/citymody/citymody.com/www/wp-content/plugins/civi-framework/includes/base/base.php' (include_path='.:/usr/local/pear/php82') in /home/citymody/citymody.com/www/wp-content/plugins/civi-framework/civi-framework.php:156
Stack trace:
#0 /home/citymody/citymody.com/www/wp-includes/class-wp-hook.php(308): Civi_Framework->includes('')
#1 /home/citymody/citymody.com/www/wp-includes/class-wp-hook.php(332): WP_Hook->apply_filters(NULL, Array)
#2 /home/citymody/citymody.com/www/wp-includes/plugin.php(517): WP_Hook->do_action(Array)
#3 /home/citymody/citymody.com/www/wp-settings.php(486): do_action('plugins_loaded')
#4 /home/citymody/citymody.com/www/wp-config.php(96): require_once('/home/citymody/...')
#5 /home/citymody/citymody.com/www/wp-load.php(50): require_once('/home/citymody/...')
#6 /home/citymody/citymody.com/www/wp-admin/admin-ajax.php(22): require_once('/home/citymody/...')
#7 {main}
  thrown

2023-07-06T12:53:46+00:00 CRITICAL /home/citymody/citymody.com/www/wp-content/plugins/civi-framework/includes/base/base.php dosyasında 90 numaralı satırda Uncaught Error: Failed opening required '/home/citymody/citymody.com/www/wp-content/plugins/civi-framework/includes/base/inc/functions.php' (include_path='.:/usr/local/pear/php82') in /home/citymody/citymody.com/www/wp-content/plugins/civi-framework/includes/base/base.php:90
Stack trace:
#0 /home/citymody/citymody.com/www/wp-content/plugins/civi-framework/includes/base/base.php(20): Civi_Base->includes()
#1 /home/citymody/citymody.com/www/wp-content/plugins/civi-framework/includes/base/base.php(137): Civi_Base->__construct()
#2 /home/citymody/citymody.com/www/wp-content/plugins/civi-framework/civi-framework.php(156): require_once('/home/citymody/...')
#3 /home/citymody/citymody.com/www/wp-includes/class-wp-hook.php(308): Civi_Framework->includes('')
#4 /home/citymody/citymody.com/www/wp-includes/class-wp-hook.php(332): WP_Hook->apply_filters(NULL, Array)
#5 /home/citymody/citymody.com/www/wp-includes/plugin.php(517): WP_Hook->do_action(Array)
#6 /home/citymody/citymody.com/www/wp-settings.php(486): do_action('plugins_loaded')
#7 /home/citymody/citymody.com/www/wp-config.php(96): require_once('/home/citymody/...')
#8 /home/citymody/citymody.com/www/wp-load.php(50): require_once('/home/citymody/...')
#9 /home/citymody/citymody.com/www/wp-admin/admin-ajax.php(22): require_once('/home/citymody/...')
#10 {main}
  thrown

2023-07-06T12:57:04+00:00 CRITICAL /home/citymody/citymody.com/www/wp-content/themes/civi-child/templates/footer/copyright.php dosyasında 21 numaralı satırda Uncaught Error: Call to undefined method Civi_Templates::footer_menu() in /home/citymody/citymody.com/www/wp-content/themes/civi-child/templates/footer/copyright.php:21
Stack trace:
#0 /home/citymody/citymody.com/www/wp-includes/template.php(785): require()
#1 /home/citymody/citymody.com/www/wp-includes/template.php(718): load_template('/home/citymody/...', false, Array)
#2 /home/citymody/citymody.com/www/wp-includes/general-template.php(204): locate_template(Array, true, false, Array)
#3 /home/citymody/citymody.com/www/wp-content/plugins/civi-framework/templates/page-dashboard.php(66): get_template_part('templates/foote...')
#4 /home/citymody/citymody.com/www/wp-includes/template-loader.php(106): include('/home/citymody/...')
#5 /home/citymody/citymody.com/www/wp-blog-header.php(19): require_once('/home/citymody/...')
#6 /home/citymody/citymody.com/www/index.php(17): require('/home/citymody/...')
#7 {main}
  thrown

2023-07-06T12:57:37+00:00 CRITICAL /home/citymody/citymody.com/www/wp-content/themes/civi-child/templates/footer/copyright.php dosyasında 21 numaralı satırda Uncaught Error: Call to undefined method Civi_Templates::footer_menu() in /home/citymody/citymody.com/www/wp-content/themes/civi-child/templates/footer/copyright.php:21
Stack trace:
#0 /home/citymody/citymody.com/www/wp-includes/template.php(785): require()
#1 /home/citymody/citymody.com/www/wp-includes/template.php(718): load_template('/home/citymody/...', false, Array)
#2 /home/citymody/citymody.com/www/wp-includes/general-template.php(204): locate_template(Array, true, false, Array)
#3 /home/citymody/citymody.com/www/wp-content/plugins/civi-framework/templates/page-dashboard.php(66): get_template_part('templates/foote...')
#4 /home/citymody/citymody.com/www/wp-includes/template-loader.php(106): include('/home/citymody/...')
#5 /home/citymody/citymody.com/www/wp-blog-header.php(19): require_once('/home/citymody/...')
#6 /home/citymody/citymody.com/www/index.php(17): require('/home/citymody/...')
#7 {main}
  thrown

2023-07-06T12:57:47+00:00 CRITICAL /home/citymody/citymody.com/www/wp-content/themes/civi-child/templates/footer/copyright.php dosyasında 21 numaralı satırda Uncaught Error: Call to undefined method Civi_Templates::footer_menu() in /home/citymody/citymody.com/www/wp-content/themes/civi-child/templates/footer/copyright.php:21
Stack trace:
#0 /home/citymody/citymody.com/www/wp-includes/template.php(785): require()
#1 /home/citymody/citymody.com/www/wp-includes/template.php(718): load_template('/home/citymody/...', false, Array)
#2 /home/citymody/citymody.com/www/wp-includes/general-template.php(204): locate_template(Array, true, false, Array)
#3 /home/citymody/citymody.com/www/wp-content/plugins/civi-framework/templates/page-dashboard.php(66): get_template_part('templates/foote...')
#4 /home/citymody/citymody.com/www/wp-includes/template-loader.php(106): include('/home/citymody/...')
#5 /home/citymody/citymody.com/www/wp-blog-header.php(19): require_once('/home/citymody/...')
#6 /home/citymody/citymody.com/www/index.php(17): require('/home/citymody/...')
#7 {main}
  thrown

2023-07-06T12:58:04+00:00 CRITICAL /home/citymody/citymody.com/www/wp-content/themes/civi-child/templates/footer/copyright.php dosyasında 21 numaralı satırda Uncaught Error: Call to undefined method Civi_Templates::footer_menu() in /home/citymody/citymody.com/www/wp-content/themes/civi-child/templates/footer/copyright.php:21
Stack trace:
#0 /home/citymody/citymody.com/www/wp-includes/template.php(785): require()
#1 /home/citymody/citymody.com/www/wp-includes/template.php(718): load_template('/home/citymody/...', false, Array)
#2 /home/citymody/citymody.com/www/wp-includes/general-template.php(204): locate_template(Array, true, false, Array)
#3 /home/citymody/citymody.com/www/wp-content/plugins/civi-framework/templates/page-dashboard.php(66): get_template_part('templates/foote...')
#4 /home/citymody/citymody.com/www/wp-includes/template-loader.php(106): include('/home/citymody/...')
#5 /home/citymody/citymody.com/www/wp-blog-header.php(19): require_once('/home/citymody/...')
#6 /home/citymody/citymody.com/www/index.php(17): require('/home/citymody/...')
#7 {main}
  thrown

2023-07-06T12:59:30+00:00 CRITICAL /home/citymody/citymody.com/www/wp-content/themes/civi-child/templates/footer/copyright.php dosyasında 21 numaralı satırda Uncaught Error: Call to undefined method Civi_Templates::footer_menu() in /home/citymody/citymody.com/www/wp-content/themes/civi-child/templates/footer/copyright.php:21
Stack trace:
#0 /home/citymody/citymody.com/www/wp-includes/template.php(785): require()
#1 /home/citymody/citymody.com/www/wp-includes/template.php(718): load_template('/home/citymody/...', false, Array)
#2 /home/citymody/citymody.com/www/wp-includes/general-template.php(204): locate_template(Array, true, false, Array)
#3 /home/citymody/citymody.com/www/wp-content/plugins/civi-framework/templates/page-dashboard.php(66): get_template_part('templates/foote...')
#4 /home/citymody/citymody.com/www/wp-includes/template-loader.php(106): include('/home/citymody/...')
#5 /home/citymody/citymody.com/www/wp-blog-header.php(19): require_once('/home/citymody/...')
#6 /home/citymody/citymody.com/www/index.php(17): require('/home/citymody/...')
#7 {main}
  thrown

2023-07-06T13:01:47+00:00 CRITICAL /home/citymody/citymody.com/www/wp-content/themes/civi-child/templates/footer/copyright.php dosyasında 21 numaralı satırda Uncaught Error: Call to undefined method Civi_Templates::footer_menu() in /home/citymody/citymody.com/www/wp-content/themes/civi-child/templates/footer/copyright.php:21
Stack trace:
#0 /home/citymody/citymody.com/www/wp-includes/template.php(785): require()
#1 /home/citymody/citymody.com/www/wp-includes/template.php(718): load_template('/home/citymody/...', false, Array)
#2 /home/citymody/citymody.com/www/wp-includes/general-template.php(204): locate_template(Array, true, false, Array)
#3 /home/citymody/citymody.com/www/wp-content/plugins/civi-framework/templates/page-dashboard.php(66): get_template_part('templates/foote...')
#4 /home/citymody/citymody.com/www/wp-includes/template-loader.php(106): include('/home/citymody/...')
#5 /home/citymody/citymody.com/www/wp-blog-header.php(19): require_once('/home/citymody/...')
#6 /home/citymody/citymody.com/www/index.php(17): require('/home/citymody/...')
#7 {main}
  thrown

2023-07-06T13:03:12+00:00 CRITICAL /home/citymody/citymody.com/www/wp-content/themes/civi-child/templates/footer/copyright.php dosyasında 21 numaralı satırda Uncaught Error: Call to undefined method Civi_Templates::footer_menu() in /home/citymody/citymody.com/www/wp-content/themes/civi-child/templates/footer/copyright.php:21
Stack trace:
#0 /home/citymody/citymody.com/www/wp-includes/template.php(785): require()
#1 /home/citymody/citymody.com/www/wp-includes/template.php(718): load_template('/home/citymody/...', false, Array)
#2 /home/citymody/citymody.com/www/wp-includes/general-template.php(204): locate_template(Array, true, false, Array)
#3 /home/citymody/citymody.com/www/wp-content/plugins/civi-framework/templates/page-dashboard.php(66): get_template_part('templates/foote...')
#4 /home/citymody/citymody.com/www/wp-includes/template-loader.php(106): include('/home/citymody/...')
#5 /home/citymody/citymody.com/www/wp-blog-header.php(19): require_once('/home/citymody/...')
#6 /home/citymody/citymody.com/www/index.php(17): require('/home/citymody/...')
#7 {main}
  thrown

2023-07-06T13:04:15+00:00 CRITICAL /home/citymody/citymody.com/www/wp-content/themes/civi-child/templates/footer/copyright.php dosyasında 21 numaralı satırda Uncaught Error: Call to undefined method Civi_Templates::footer_menu() in /home/citymody/citymody.com/www/wp-content/themes/civi-child/templates/footer/copyright.php:21
Stack trace:
#0 /home/citymody/citymody.com/www/wp-includes/template.php(785): require()
#1 /home/citymody/citymody.com/www/wp-includes/template.php(718): load_template('/home/citymody/...', false, Array)
#2 /home/citymody/citymody.com/www/wp-includes/general-template.php(204): locate_template(Array, true, false, Array)
#3 /home/citymody/citymody.com/www/wp-content/plugins/civi-framework/templates/page-dashboard.php(66): get_template_part('templates/foote...')
#4 /home/citymody/citymody.com/www/wp-includes/template-loader.php(106): include('/home/citymody/...')
#5 /home/citymody/citymody.com/www/wp-blog-header.php(19): require_once('/home/citymody/...')
#6 /home/citymody/citymody.com/www/index.php(17): require('/home/citymody/...')
#7 {main}
  thrown

2023-07-06T13:05:49+00:00 CRITICAL /home/citymody/citymody.com/www/wp-content/themes/civi-child/templates/footer/copyright.php dosyasında 21 numaralı satırda Uncaught Error: Call to undefined method Civi_Templates::footer_menu() in /home/citymody/citymody.com/www/wp-content/themes/civi-child/templates/footer/copyright.php:21
Stack trace:
#0 /home/citymody/citymody.com/www/wp-includes/template.php(785): require()
#1 /home/citymody/citymody.com/www/wp-includes/template.php(718): load_template('/home/citymody/...', false, Array)
#2 /home/citymody/citymody.com/www/wp-includes/general-template.php(204): locate_template(Array, true, false, Array)
#3 /home/citymody/citymody.com/www/wp-content/plugins/civi-framework/templates/page-dashboard.php(66): get_template_part('templates/foote...')
#4 /home/citymody/citymody.com/www/wp-includes/template-loader.php(106): include('/home/citymody/...')
#5 /home/citymody/citymody.com/www/wp-blog-header.php(19): require_once('/home/citymody/...')
#6 /home/citymody/citymody.com/www/index.php(17): require('/home/citymody/...')
#7 {main}
  thrown

