2023-07-01T13:11:15+00:00 CRITICAL /home/citymody/citymody.com/www/wp-content/themes/civi/includes/class-enqueue.php dosyasında 283 numaralı satırda Uncaught Error: Class "Civi_Cookie" not found in /home/citymody/citymody.com/www/wp-content/themes/civi/includes/class-enqueue.php:283
Stack trace:
#0 /home/citymody/citymody.com/www/wp-includes/class-wp-hook.php(308): Civi_Enqueue->enqueue_scripts('')
#1 /home/citymody/citymody.com/www/wp-includes/class-wp-hook.php(332): WP_Hook->apply_filters(NULL, Array)
#2 /home/citymody/citymody.com/www/wp-includes/plugin.php(517): WP_Hook->do_action(Array)
#3 /home/citymody/citymody.com/www/wp-includes/script-loader.php(2194): do_action('wp_enqueue_scri...')
#4 /home/citymody/citymody.com/www/wp-includes/class-wp-hook.php(308): wp_enqueue_scripts('')
#5 /home/citymody/citymody.com/www/wp-includes/class-wp-hook.php(332): WP_Hook->apply_filters(NULL, Array)
#6 /home/citymody/citymody.com/www/wp-includes/plugin.php(517): WP_Hook->do_action(Array)
#7 /home/citymody/citymody.com/www/wp-includes/general-template.php(3049): do_action('wp_head')
#8 /home/citymody/citymody.com/www/wp-content/themes/civi/header.php(28): wp_head()
#9 /home/citymody/citymody.com/www/wp-includes/template.php(783): require_once('/home/citymody/...')
#10 /home/citymody/citymody.com/www/wp-includes/template.php(718): load_template('/home/citymody/...', true, Array)
#11 /home/citymody/citymody.com/www/wp-includes/general-template.php(48): locate_template(Array, true, true, Array)
#12 /home/citymody/citymody.com/www/wp-content/themes/civi/page.php(15): get_header()
#13 /home/citymody/citymody.com/www/wp-includes/template-loader.php(106): include('/home/citymody/...')
#14 /home/citymody/citymody.com/www/wp-blog-header.php(19): require_once('/home/citymody/...')
#15 /home/citymody/citymody.com/www/index.php(17): require('/home/citymody/...')
#16 {main}
  thrown

2023-07-01T13:11:29+00:00 CRITICAL /home/citymody/citymody.com/www/wp-content/themes/civi/includes/class-enqueue.php dosyasında 283 numaralı satırda Uncaught Error: Class "Civi_Cookie" not found in /home/citymody/citymody.com/www/wp-content/themes/civi/includes/class-enqueue.php:283
Stack trace:
#0 /home/citymody/citymody.com/www/wp-includes/class-wp-hook.php(308): Civi_Enqueue->enqueue_scripts('')
#1 /home/citymody/citymody.com/www/wp-includes/class-wp-hook.php(332): WP_Hook->apply_filters(NULL, Array)
#2 /home/citymody/citymody.com/www/wp-includes/plugin.php(517): WP_Hook->do_action(Array)
#3 /home/citymody/citymody.com/www/wp-includes/script-loader.php(2194): do_action('wp_enqueue_scri...')
#4 /home/citymody/citymody.com/www/wp-includes/class-wp-hook.php(308): wp_enqueue_scripts('')
#5 /home/citymody/citymody.com/www/wp-includes/class-wp-hook.php(332): WP_Hook->apply_filters(NULL, Array)
#6 /home/citymody/citymody.com/www/wp-includes/plugin.php(517): WP_Hook->do_action(Array)
#7 /home/citymody/citymody.com/www/wp-includes/general-template.php(3049): do_action('wp_head')
#8 /home/citymody/citymody.com/www/wp-content/themes/civi/header.php(28): wp_head()
#9 /home/citymody/citymody.com/www/wp-includes/template.php(783): require_once('/home/citymody/...')
#10 /home/citymody/citymody.com/www/wp-includes/template.php(718): load_template('/home/citymody/...', true, Array)
#11 /home/citymody/citymody.com/www/wp-includes/general-template.php(48): locate_template(Array, true, true, Array)
#12 /home/citymody/citymody.com/www/wp-content/themes/civi/page.php(15): get_header()
#13 /home/citymody/citymody.com/www/wp-includes/template-loader.php(106): include('/home/citymody/...')
#14 /home/citymody/citymody.com/www/wp-blog-header.php(19): require_once('/home/citymody/...')
#15 /home/citymody/citymody.com/www/index.php(17): require('/home/citymody/...')
#16 {main}
  thrown

